<?xml version="1.0" encoding="UTF-8" ?>
<testsuite tests="3" failures="1" name="com.amazon.qa.testcases.LoginPageTest" time="262.643" errors="0" skipped="0">
  <properties>
[...]
</properties>
  <testcase classname="com.amazon.qa.testcases.LoginPageTest" name="loginPageTitlePage" time="19.3"/>
  <testcase classname="com.amazon.qa.testcases.LoginPageTest" name="AmazonlogoImageTest" time="2.32"/>
  <testcase classname="com.amazon.qa.testcases.LoginPageTest" name="loginTest" time="241.023">
    <failure message="Cannot locate an element using xpath=//input[@id=&apos;ap_email&apos;]
For documentation on this error, please visit: https://www.seleniumhq.org/exceptions/no_such_element.html
Build info: version: &apos;4.0.0-alpha-2&apos;, revision: &apos;f148142cf8&apos;, time: &apos;2019-07-01T20:55:26&apos;
System info: host: &apos;NEETU&apos;, ip: &apos;192.168.0.104&apos;, os.name: &apos;Windows 8.1&apos;, os.arch: &apos;amd64&apos;, os.version: &apos;6.3&apos;, java.version: &apos;1.8.0_45&apos;
Driver info: driver.version: RemoteWebDriver" type="org.openqa.selenium.NoSuchElementException">org.openqa.selenium.NoSuchElementException: Cannot locate an element using xpath=//input[@id=&apos;ap_email&apos;]
For documentation on this error, please visit: https://www.seleniumhq.org/exceptions/no_such_element.html
Build info: version: &apos;4.0.0-alpha-2&apos;, revision: &apos;f148142cf8&apos;, time: &apos;2019-07-01T20:55:26&apos;
System info: host: &apos;NEETU&apos;, ip: &apos;192.168.0.104&apos;, os.name: &apos;Windows 8.1&apos;, os.arch: &apos;amd64&apos;, os.version: &apos;6.3&apos;, java.version: &apos;1.8.0_45&apos;
Driver info: driver.version: RemoteWebDriver
	at org.openqa.selenium.remote.RemoteWebDriver.findElement(RemoteWebDriver.java:330)
	at org.openqa.selenium.remote.RemoteWebDriver.findElementByXPath(RemoteWebDriver.java:445)
	at org.openqa.selenium.By$ByXPath.findElement(By.java:353)
	at org.openqa.selenium.remote.RemoteWebDriver.findElement(RemoteWebDriver.java:319)
	at org.openqa.selenium.support.pagefactory.DefaultElementLocator.findElement(DefaultElementLocator.java:70)
	at org.openqa.selenium.support.pagefactory.internal.LocatingElementHandler.invoke(LocatingElementHandler.java:39)
	at com.sun.proxy.$Proxy7.sendKeys(Unknown Source)
	at com.amazon.qa.pages.LoginPage.login(LoginPage.java:45)
	at com.amazon.qa.testcases.LoginPageTest.loginTest(LoginPageTest.java:43)
</failure>
  </testcase>
</testsuite>